<?xml version='1.0' encoding='utf-8'?>
<testsuite name="container-engine-streaming-performance" tests="3" failures="0"><testcase classname="performance.engine-streaming" name="resize" time="0.000625417"><system-out>docker repetition=1 duration=0.000871625 outcome=success
docker repetition=2 duration=0.001442042 outcome=success
docker repetition=3 duration=0.002054709 outcome=success
docker repetition=4 duration=0.002753083 outcome=success
docker repetition=5 duration=0.002024958 outcome=success
docker repetition=6 duration=0.003195916 outcome=success
docker repetition=7 duration=0.001956542 outcome=success
docker repetition=8 duration=0.002336583 outcome=success
docker repetition=9 duration=0.002001167 outcome=success
docker repetition=10 duration=0.003273500 outcome=success
docker repetition=11 duration=0.002446166 outcome=success
container-engine repetition=1 duration=0.000509000 outcome=success
container-engine repetition=2 duration=0.000541583 outcome=success
container-engine repetition=3 duration=0.000610084 outcome=success
container-engine repetition=4 duration=0.000648167 outcome=success
container-engine repetition=5 duration=0.000660208 outcome=success
container-engine repetition=6 duration=0.000514083 outcome=success
container-engine repetition=7 duration=0.000772084 outcome=success
container-engine repetition=8 duration=0.000625417 outcome=success
container-engine repetition=9 duration=0.000610084 outcome=success
container-engine repetition=10 duration=0.000651125 outcome=success
container-engine repetition=11 duration=0.000636166 outcome=success</system-out></testcase><testcase classname="performance.engine-streaming" name="websocket-roundtrip-32b" time="0.000595667"><system-out>docker repetition=1 duration=0.000791291 outcome=success
docker repetition=2 duration=0.000768000 outcome=success
docker repetition=3 duration=0.001292709 outcome=success
docker repetition=4 duration=0.001892625 outcome=success
docker repetition=5 duration=0.001827084 outcome=success
docker repetition=6 duration=0.001619542 outcome=success
docker repetition=7 duration=0.001578209 outcome=success
docker repetition=8 duration=0.001791750 outcome=success
docker repetition=9 duration=0.001340292 outcome=success
docker repetition=10 duration=0.005320125 outcome=success
docker repetition=11 duration=0.001352666 outcome=success
container-engine repetition=1 duration=0.000595667 outcome=success
container-engine repetition=2 duration=0.000665583 outcome=success
container-engine repetition=3 duration=0.000531917 outcome=success
container-engine repetition=4 duration=0.000557542 outcome=success
container-engine repetition=5 duration=0.000585000 outcome=success
container-engine repetition=6 duration=0.000614583 outcome=success
container-engine repetition=7 duration=0.000558375 outcome=success
container-engine repetition=8 duration=0.000625333 outcome=success
container-engine repetition=9 duration=0.000724958 outcome=success
container-engine repetition=10 duration=0.000592958 outcome=success
container-engine repetition=11 duration=0.000609416 outcome=success</system-out></testcase><testcase classname="performance.engine-streaming" name="websocket-roundtrip-1mib" time="0.012057375"><system-out>docker repetition=1 duration=0.015470750 outcome=success
docker repetition=2 duration=0.023453167 outcome=success
docker repetition=3 duration=0.026898500 outcome=success
docker repetition=4 duration=0.020435250 outcome=success
docker repetition=5 duration=0.024687333 outcome=success
docker repetition=6 duration=0.025021750 outcome=success
docker repetition=7 duration=0.023817709 outcome=success
docker repetition=8 duration=0.019556083 outcome=success
docker repetition=9 duration=0.019567084 outcome=success
docker repetition=10 duration=0.021742417 outcome=success
docker repetition=11 duration=0.024729334 outcome=success
container-engine repetition=1 duration=0.012526083 outcome=success
container-engine repetition=2 duration=0.011881709 outcome=success
container-engine repetition=3 duration=0.012205750 outcome=success
container-engine repetition=4 duration=0.011605375 outcome=success
container-engine repetition=5 duration=0.012136166 outcome=success
container-engine repetition=6 duration=0.011981333 outcome=success
container-engine repetition=7 duration=0.012282917 outcome=success
container-engine repetition=8 duration=0.012057375 outcome=success
container-engine repetition=9 duration=0.011786959 outcome=success
container-engine repetition=10 duration=0.012096875 outcome=success
container-engine repetition=11 duration=0.011840833 outcome=success</system-out></testcase></testsuite>
