<?xml version='1.0' encoding='utf-8'?>
<testsuite name="container-engine-streaming-performance" tests="3" failures="0"><testcase classname="performance.engine-streaming" name="resize" time="0.000607125"><system-out>docker repetition=1 duration=0.000871250 outcome=success
docker repetition=2 duration=0.001505834 outcome=success
docker repetition=3 duration=0.000953500 outcome=success
docker repetition=4 duration=0.001408541 outcome=success
docker repetition=5 duration=0.001131584 outcome=success
docker repetition=6 duration=0.003547708 outcome=success
docker repetition=7 duration=0.001195333 outcome=success
docker repetition=8 duration=0.003419916 outcome=success
docker repetition=9 duration=0.001378458 outcome=success
docker repetition=10 duration=0.004086417 outcome=success
docker repetition=11 duration=0.001165208 outcome=success
container-engine repetition=1 duration=0.000440666 outcome=success
container-engine repetition=2 duration=0.000564917 outcome=success
container-engine repetition=3 duration=0.000705250 outcome=success
container-engine repetition=4 duration=0.000580125 outcome=success
container-engine repetition=5 duration=0.000642458 outcome=success
container-engine repetition=6 duration=0.000506333 outcome=success
container-engine repetition=7 duration=0.000607125 outcome=success
container-engine repetition=8 duration=0.000658917 outcome=success
container-engine repetition=9 duration=0.000679667 outcome=success
container-engine repetition=10 duration=0.000528375 outcome=success
container-engine repetition=11 duration=0.000703709 outcome=success</system-out></testcase><testcase classname="performance.engine-streaming" name="websocket-roundtrip-32b" time="0.000621584"><system-out>docker repetition=1 duration=0.000753541 outcome=success
docker repetition=2 duration=0.000797250 outcome=success
docker repetition=3 duration=0.000757917 outcome=success
docker repetition=4 duration=0.000791250 outcome=success
docker repetition=5 duration=0.000765792 outcome=success
docker repetition=6 duration=0.002624250 outcome=success
docker repetition=7 duration=0.000689875 outcome=success
docker repetition=8 duration=0.002316959 outcome=success
docker repetition=9 duration=0.000713125 outcome=success
docker repetition=10 duration=0.003265792 outcome=success
docker repetition=11 duration=0.000858916 outcome=success
container-engine repetition=1 duration=0.000600917 outcome=success
container-engine repetition=2 duration=0.000679000 outcome=success
container-engine repetition=3 duration=0.000735500 outcome=success
container-engine repetition=4 duration=0.000642917 outcome=success
container-engine repetition=5 duration=0.000584583 outcome=success
container-engine repetition=6 duration=0.000691792 outcome=success
container-engine repetition=7 duration=0.000567000 outcome=success
container-engine repetition=8 duration=0.000621584 outcome=success
container-engine repetition=9 duration=0.000808458 outcome=success
container-engine repetition=10 duration=0.000601791 outcome=success
container-engine repetition=11 duration=0.000581000 outcome=success</system-out></testcase><testcase classname="performance.engine-streaming" name="websocket-roundtrip-1mib" time="0.012173625"><system-out>docker repetition=1 duration=0.017018500 outcome=success
docker repetition=2 duration=0.011565500 outcome=success
docker repetition=3 duration=0.012815167 outcome=success
docker repetition=4 duration=0.029392708 outcome=success
docker repetition=5 duration=0.027523292 outcome=success
docker repetition=6 duration=0.030304583 outcome=success
docker repetition=7 duration=0.029499125 outcome=success
docker repetition=8 duration=0.019842667 outcome=success
docker repetition=9 duration=0.014724875 outcome=success
docker repetition=10 duration=0.027787667 outcome=success
docker repetition=11 duration=0.027297334 outcome=success
container-engine repetition=1 duration=0.011258042 outcome=success
container-engine repetition=2 duration=0.012757833 outcome=success
container-engine repetition=3 duration=0.011986875 outcome=success
container-engine repetition=4 duration=0.011855084 outcome=success
container-engine repetition=5 duration=0.012365792 outcome=success
container-engine repetition=6 duration=0.011683167 outcome=success
container-engine repetition=7 duration=0.012173625 outcome=success
container-engine repetition=8 duration=0.012419125 outcome=success
container-engine repetition=9 duration=0.012012666 outcome=success
container-engine repetition=10 duration=0.012334292 outcome=success
container-engine repetition=11 duration=0.012258333 outcome=success</system-out></testcase></testsuite>