<?xml version='1.0' encoding='utf-8'?>
<testsuite name="container-engine-streaming-performance" tests="3" failures="0"><testcase classname="performance.engine-streaming" name="resize" time="0.000621208"><system-out>docker repetition=1 duration=0.000958500 outcome=success
docker repetition=2 duration=0.001406458 outcome=success
docker repetition=3 duration=0.001687875 outcome=success
docker repetition=4 duration=0.003424459 outcome=success
docker repetition=5 duration=0.000954416 outcome=success
docker repetition=6 duration=0.001798667 outcome=success
docker repetition=7 duration=0.001546166 outcome=success
docker repetition=8 duration=0.003633959 outcome=success
docker repetition=9 duration=0.001338792 outcome=success
docker repetition=10 duration=0.003628334 outcome=success
docker repetition=11 duration=0.001098083 outcome=success
container-engine repetition=1 duration=0.000432958 outcome=success
container-engine repetition=2 duration=0.000692459 outcome=success
container-engine repetition=3 duration=0.000623667 outcome=success
container-engine repetition=4 duration=0.000573708 outcome=success
container-engine repetition=5 duration=0.000707792 outcome=success
container-engine repetition=6 duration=0.000482375 outcome=success
container-engine repetition=7 duration=0.000618625 outcome=success
container-engine repetition=8 duration=0.000552416 outcome=success
container-engine repetition=9 duration=0.000627500 outcome=success
container-engine repetition=10 duration=0.000621208 outcome=success
container-engine repetition=11 duration=0.000704209 outcome=success</system-out></testcase><testcase classname="performance.engine-streaming" name="websocket-roundtrip-32b" time="0.000647375"><system-out>docker repetition=1 duration=0.000753458 outcome=success
docker repetition=2 duration=0.000834333 outcome=success
docker repetition=3 duration=0.001309500 outcome=success
docker repetition=4 duration=0.002622583 outcome=success
docker repetition=5 duration=0.000772208 outcome=success
docker repetition=6 duration=0.000858875 outcome=success
docker repetition=7 duration=0.000819292 outcome=success
docker repetition=8 duration=0.001604167 outcome=success
docker repetition=9 duration=0.000781042 outcome=success
docker repetition=10 duration=0.002406333 outcome=success
docker repetition=11 duration=0.000762625 outcome=success
container-engine repetition=1 duration=0.000604000 outcome=success
container-engine repetition=2 duration=0.000729375 outcome=success
container-engine repetition=3 duration=0.000574042 outcome=success
container-engine repetition=4 duration=0.000647375 outcome=success
container-engine repetition=5 duration=0.000604917 outcome=success
container-engine repetition=6 duration=0.000781500 outcome=success
container-engine repetition=7 duration=0.000841375 outcome=success
container-engine repetition=8 duration=0.000688042 outcome=success
container-engine repetition=9 duration=0.000693250 outcome=success
container-engine repetition=10 duration=0.000612250 outcome=success
container-engine repetition=11 duration=0.000615083 outcome=success</system-out></testcase><testcase classname="performance.engine-streaming" name="websocket-roundtrip-1mib" time="0.012121541"><system-out>docker repetition=1 duration=0.016220709 outcome=success
docker repetition=2 duration=0.027429500 outcome=success
docker repetition=3 duration=0.029378541 outcome=success
docker repetition=4 duration=0.030606291 outcome=success
docker repetition=5 duration=0.020108208 outcome=success
docker repetition=6 duration=0.027553708 outcome=success
docker repetition=7 duration=0.029187291 outcome=success
docker repetition=8 duration=0.025583791 outcome=success
docker repetition=9 duration=0.028617792 outcome=success
docker repetition=10 duration=0.030283625 outcome=success
docker repetition=11 duration=0.027122750 outcome=success
container-engine repetition=1 duration=0.011909083 outcome=success
container-engine repetition=2 duration=0.012045458 outcome=success
container-engine repetition=3 duration=0.012121541 outcome=success
container-engine repetition=4 duration=0.012708708 outcome=success
container-engine repetition=5 duration=0.011861583 outcome=success
container-engine repetition=6 duration=0.011903375 outcome=success
container-engine repetition=7 duration=0.015203916 outcome=success
container-engine repetition=8 duration=0.012522000 outcome=success
container-engine repetition=9 duration=0.012325250 outcome=success
container-engine repetition=10 duration=0.012368417 outcome=success
container-engine repetition=11 duration=0.011603625 outcome=success</system-out></testcase></testsuite>