<?xml version='1.0' encoding='utf-8'?>
<testsuite name="container-engine-streaming-performance" tests="3" failures="0"><testcase classname="performance.engine-streaming" name="resize" time="0.000530625"><system-out>docker repetition=1 duration=0.000752792 outcome=success
docker repetition=2 duration=0.001461541 outcome=success
docker repetition=3 duration=0.001050458 outcome=success
docker repetition=4 duration=0.004070041 outcome=success
docker repetition=5 duration=0.002007875 outcome=success
docker repetition=6 duration=0.003414750 outcome=success
docker repetition=7 duration=0.000928709 outcome=success
docker repetition=8 duration=0.004724584 outcome=success
docker repetition=9 duration=0.001417833 outcome=success
docker repetition=10 duration=0.003689167 outcome=success
docker repetition=11 duration=0.001084458 outcome=success
container-engine repetition=1 duration=0.000442750 outcome=success
container-engine repetition=2 duration=0.000530625 outcome=success
container-engine repetition=3 duration=0.000690875 outcome=success
container-engine repetition=4 duration=0.000519459 outcome=success
container-engine repetition=5 duration=0.000683000 outcome=success
container-engine repetition=6 duration=0.000479959 outcome=success
container-engine repetition=7 duration=0.000582209 outcome=success
container-engine repetition=8 duration=0.000519083 outcome=success
container-engine repetition=9 duration=0.000669459 outcome=success
container-engine repetition=10 duration=0.000487375 outcome=success
container-engine repetition=11 duration=0.000674750 outcome=success</system-out></testcase><testcase classname="performance.engine-streaming" name="websocket-roundtrip-32b" time="0.000616500"><system-out>docker repetition=1 duration=0.000757667 outcome=success
docker repetition=2 duration=0.000989917 outcome=success
docker repetition=3 duration=0.000757333 outcome=success
docker repetition=4 duration=0.002375833 outcome=success
docker repetition=5 duration=0.000805291 outcome=success
docker repetition=6 duration=0.002342333 outcome=success
docker repetition=7 duration=0.000730625 outcome=success
docker repetition=8 duration=0.002798708 outcome=success
docker repetition=9 duration=0.000835625 outcome=success
docker repetition=10 duration=0.002313875 outcome=success
docker repetition=11 duration=0.003046500 outcome=success
container-engine repetition=1 duration=0.000601625 outcome=success
container-engine repetition=2 duration=0.000633792 outcome=success
container-engine repetition=3 duration=0.000642125 outcome=success
container-engine repetition=4 duration=0.000687917 outcome=success
container-engine repetition=5 duration=0.000606625 outcome=success
container-engine repetition=6 duration=0.000615542 outcome=success
container-engine repetition=7 duration=0.000558333 outcome=success
container-engine repetition=8 duration=0.000616500 outcome=success
container-engine repetition=9 duration=0.000632750 outcome=success
container-engine repetition=10 duration=0.000595625 outcome=success
container-engine repetition=11 duration=0.000762375 outcome=success</system-out></testcase><testcase classname="performance.engine-streaming" name="websocket-roundtrip-1mib" time="0.011895042"><system-out>docker repetition=1 duration=0.010540750 outcome=success
docker repetition=2 duration=0.013477708 outcome=success
docker repetition=3 duration=0.018003625 outcome=success
docker repetition=4 duration=0.023867125 outcome=success
docker repetition=5 duration=0.025328667 outcome=success
docker repetition=6 duration=0.025357917 outcome=success
docker repetition=7 duration=0.022800375 outcome=success
docker repetition=8 duration=0.025935833 outcome=success
docker repetition=9 duration=0.028382042 outcome=success
docker repetition=10 duration=0.012538583 outcome=success
docker repetition=11 duration=0.010878000 outcome=success
container-engine repetition=1 duration=0.011843667 outcome=success
container-engine repetition=2 duration=0.011372792 outcome=success
container-engine repetition=3 duration=0.011936125 outcome=success
container-engine repetition=4 duration=0.011613000 outcome=success
container-engine repetition=5 duration=0.011486208 outcome=success
container-engine repetition=6 duration=0.012033792 outcome=success
container-engine repetition=7 duration=0.012450709 outcome=success
container-engine repetition=8 duration=0.011895042 outcome=success
container-engine repetition=9 duration=0.011245708 outcome=success
container-engine repetition=10 duration=0.012358042 outcome=success
container-engine repetition=11 duration=0.012620292 outcome=success</system-out></testcase></testsuite>
