<?xml version='1.0' encoding='utf-8'?>
<testsuite name="container-engine-streaming-performance" tests="3" failures="0"><testcase classname="performance.engine-streaming" name="resize" time="0.000664834"><system-out>docker repetition=1 duration=0.001083666 outcome=success
docker repetition=2 duration=0.001466750 outcome=success
docker repetition=3 duration=0.000966208 outcome=success
docker repetition=4 duration=0.001956208 outcome=success
docker repetition=5 duration=0.001570209 outcome=success
docker repetition=6 duration=0.002442875 outcome=success
docker repetition=7 duration=0.001878459 outcome=success
docker repetition=8 duration=0.002568750 outcome=success
docker repetition=9 duration=0.001679708 outcome=success
docker repetition=10 duration=0.002333541 outcome=success
docker repetition=11 duration=0.001714041 outcome=success
container-engine repetition=1 duration=0.000526583 outcome=success
container-engine repetition=2 duration=0.000565167 outcome=success
container-engine repetition=3 duration=0.000738375 outcome=success
container-engine repetition=4 duration=0.000725667 outcome=success
container-engine repetition=5 duration=0.000697916 outcome=success
container-engine repetition=6 duration=0.000526292 outcome=success
container-engine repetition=7 duration=0.000636833 outcome=success
container-engine repetition=8 duration=0.000727792 outcome=success
container-engine repetition=9 duration=0.000662125 outcome=success
container-engine repetition=10 duration=0.000696208 outcome=success
container-engine repetition=11 duration=0.000664834 outcome=success</system-out></testcase><testcase classname="performance.engine-streaming" name="websocket-roundtrip-32b" time="0.000664250"><system-out>docker repetition=1 duration=0.000813291 outcome=success
docker repetition=2 duration=0.000744834 outcome=success
docker repetition=3 duration=0.000760375 outcome=success
docker repetition=4 duration=0.001696709 outcome=success
docker repetition=5 duration=0.001121750 outcome=success
docker repetition=6 duration=0.002239292 outcome=success
docker repetition=7 duration=0.001419792 outcome=success
docker repetition=8 duration=0.001581333 outcome=success
docker repetition=9 duration=0.001295792 outcome=success
docker repetition=10 duration=0.002432958 outcome=success
docker repetition=11 duration=0.001187333 outcome=success
container-engine repetition=1 duration=0.000561458 outcome=success
container-engine repetition=2 duration=0.000761959 outcome=success
container-engine repetition=3 duration=0.000694667 outcome=success
container-engine repetition=4 duration=0.000715000 outcome=success
container-engine repetition=5 duration=0.000789584 outcome=success
container-engine repetition=6 duration=0.000557458 outcome=success
container-engine repetition=7 duration=0.000664250 outcome=success
container-engine repetition=8 duration=0.000587208 outcome=success
container-engine repetition=9 duration=0.000755542 outcome=success
container-engine repetition=10 duration=0.000601042 outcome=success
container-engine repetition=11 duration=0.000616042 outcome=success</system-out></testcase><testcase classname="performance.engine-streaming" name="websocket-roundtrip-1mib" time="0.012606625"><system-out>docker repetition=1 duration=0.018930375 outcome=success
docker repetition=2 duration=0.018358500 outcome=success
docker repetition=3 duration=0.023771666 outcome=success
docker repetition=4 duration=0.026311916 outcome=success
docker repetition=5 duration=0.020869083 outcome=success
docker repetition=6 duration=0.021152250 outcome=success
docker repetition=7 duration=0.019561167 outcome=success
docker repetition=8 duration=0.017925250 outcome=success
docker repetition=9 duration=0.020092500 outcome=success
docker repetition=10 duration=0.021848791 outcome=success
docker repetition=11 duration=0.022268167 outcome=success
container-engine repetition=1 duration=0.013373167 outcome=success
container-engine repetition=2 duration=0.012966042 outcome=success
container-engine repetition=3 duration=0.013235416 outcome=success
container-engine repetition=4 duration=0.012544583 outcome=success
container-engine repetition=5 duration=0.012823666 outcome=success
container-engine repetition=6 duration=0.012213750 outcome=success
container-engine repetition=7 duration=0.012583625 outcome=success
container-engine repetition=8 duration=0.012606625 outcome=success
container-engine repetition=9 duration=0.015269958 outcome=success
container-engine repetition=10 duration=0.011978291 outcome=success
container-engine repetition=11 duration=0.011645208 outcome=success</system-out></testcase></testsuite>